android/app/build/intermediates/manifest_merge_blame_file/debug/manifest-merger-blame-debug-report.txt
1<?xml version="1.0" encoding="utf-8"?>
2<manifest xmlns:android="http://schemas.android.com/apk/res/android"
3    package="com.demoapptoapp"
4    android:versionCode="1"
5    android:versionName="1.0" >
6
7    <uses-sdk
8        android:minSdkVersion="21"
9        android:targetSdkVersion="28" />
10
11    <uses-permission android:name="android.permission.SYSTEM_ALERT_WINDOW" />
11-->src\main\AndroidManifest.xml:3:3-75
11-->src\main\AndroidManifest.xml:3:20-73
12    <uses-permission android:name="android.permission.INTERNET" /> <!-- OPTIONAL PERMISSIONS, REMOVE WHATEVER YOU DO NOT NEED -->
12-->src\main\AndroidManifest.xml:2:3-64
12-->src\main\AndroidManifest.xml:2:20-62
13    <uses-permission android:name="android.permission.READ_INTERNAL_STORAGE" />
13-->src\main\AndroidManifest.xml:5:3-77
13-->src\main\AndroidManifest.xml:5:20-75
14    <uses-permission android:name="android.permission.READ_PHONE_STATE" />
14-->src\main\AndroidManifest.xml:6:3-72
14-->src\main\AndroidManifest.xml:6:20-70
15    <uses-permission android:name="android.permission.VIBRATE" />
15-->src\main\AndroidManifest.xml:7:3-63
15-->src\main\AndroidManifest.xml:7:20-61
16    <uses-permission android:name="android.permission.MODIFY_AUDIO_SETTINGS" /> <!-- These require runtime permissions on M -->
16-->src\main\AndroidManifest.xml:8:3-77
16-->src\main\AndroidManifest.xml:8:20-75
17    <uses-permission android:name="android.permission.ACCESS_COARSE_LOCATION" />
17-->src\main\AndroidManifest.xml:10:3-78
17-->src\main\AndroidManifest.xml:10:20-76
18    <uses-permission android:name="android.permission.ACCESS_FINE_LOCATION" />
18-->src\main\AndroidManifest.xml:11:3-76
18-->src\main\AndroidManifest.xml:11:20-74
19    <uses-permission android:name="android.permission.CAMERA" />
19-->src\main\AndroidManifest.xml:12:3-62
19-->src\main\AndroidManifest.xml:12:20-60
20    <uses-permission android:name="android.permission.READ_CONTACTS" />
20-->src\main\AndroidManifest.xml:13:3-69
20-->src\main\AndroidManifest.xml:13:20-67
21    <uses-permission android:name="android.permission.READ_CALENDAR" />
21-->src\main\AndroidManifest.xml:14:3-69
21-->src\main\AndroidManifest.xml:14:20-67
22    <uses-permission android:name="android.permission.WRITE_CALENDAR" />
22-->src\main\AndroidManifest.xml:15:3-70
22-->src\main\AndroidManifest.xml:15:20-68
23    <uses-permission android:name="android.permission.READ_EXTERNAL_STORAGE" />
23-->src\main\AndroidManifest.xml:16:3-77
23-->src\main\AndroidManifest.xml:16:20-75
24    <uses-permission android:name="android.permission.RECORD_AUDIO" />
24-->src\main\AndroidManifest.xml:17:3-68
24-->src\main\AndroidManifest.xml:17:20-66
25    <uses-permission android:name="android.permission.WRITE_EXTERNAL_STORAGE" />
25-->src\main\AndroidManifest.xml:18:3-78
25-->src\main\AndroidManifest.xml:18:20-76
26    <uses-permission android:name="android.permission.ACCESS_NETWORK_STATE" />
26-->[:expo-updates] AndroidManifest.xml:11:5-79
26-->[:expo-updates] AndroidManifest.xml:11:22-76
27    <uses-permission android:name="android.permission.WAKE_LOCK" />
27-->[:react-native-firebase_auth] AndroidManifest.xml:12:5-68
27-->[:react-native-firebase_auth] AndroidManifest.xml:12:22-65
28    <uses-permission android:name="android.permission.STORAGE" />
28-->[:expo-file-system] AndroidManifest.xml:15:5-66
28-->[:expo-file-system] AndroidManifest.xml:15:22-63
29    <uses-permission android:name="android.permission.FOREGROUND_SERVICE" />
29-->[:expo-location] AndroidManifest.xml:13:5-77
29-->[:expo-location] AndroidManifest.xml:13:22-74
30    <uses-permission android:name="com.google.android.providers.gsf.permission.READ_GSERVICES" />
30-->[io.nlopez.smartlocation:library:3.2.11] AndroidManifest.xml:15:5-98
30-->[io.nlopez.smartlocation:library:3.2.11] AndroidManifest.xml:15:22-95
31    <uses-permission android:name="com.google.android.gms.permission.ACTIVITY_RECOGNITION" />
31-->[io.nlopez.smartlocation:library:3.2.11] AndroidManifest.xml:16:5-94
31-->[io.nlopez.smartlocation:library:3.2.11] AndroidManifest.xml:16:22-91
32
33    <application
33-->src\main\AndroidManifest.xml:20:3-52:17
34        android:name="com.demoapptoapp.MainApplication"
34-->src\main\AndroidManifest.xml:21:5-36
35        android:allowBackup="false"
35-->src\main\AndroidManifest.xml:25:5-32
36        android:appComponentFactory="androidx.core.app.CoreComponentFactory"
36-->[androidx.core:core:1.1.0] AndroidManifest.xml:24:18-86
37        android:debuggable="true"
38        android:icon="@mipmap/ic_launcher"
38-->src\main\AndroidManifest.xml:23:5-39
39        android:label="@string/app_name"
39-->src\main\AndroidManifest.xml:22:5-37
40        android:roundIcon="@mipmap/ic_launcher_round"
40-->src\main\AndroidManifest.xml:24:5-50
41        android:theme="@style/AppTheme"
41-->src\main\AndroidManifest.xml:26:5-36
42        android:usesCleartextTraffic="true" >
42-->src\debug\AndroidManifest.xml:6:18-53
43        <meta-data
43-->src\main\AndroidManifest.xml:28:5-103
44            android:name="expo.modules.updates.EXPO_UPDATE_URL"
44-->src\main\AndroidManifest.xml:28:16-67
45            android:value="YOUR-APP-URL-HERE" />
45-->src\main\AndroidManifest.xml:28:68-101
46        <meta-data
46-->src\main\AndroidManifest.xml:29:5-112
47            android:name="expo.modules.updates.EXPO_SDK_VERSION"
47-->src\main\AndroidManifest.xml:29:16-68
48            android:value="YOUR-APP-SDK-VERSION-HERE" />
48-->src\main\AndroidManifest.xml:29:69-110
49
50        <activity
50-->src\main\AndroidManifest.xml:30:5-49:16
51            android:name="com.demoapptoapp.MainActivity"
51-->src\main\AndroidManifest.xml:31:7-35
52            android:configChanges="keyboard|keyboardHidden|orientation|screenSize"
52-->src\main\AndroidManifest.xml:33:7-77
53            android:label="@string/app_name"
53-->src\main\AndroidManifest.xml:32:7-39
54            android:launchMode="singleTask"
54-->src\main\AndroidManifest.xml:34:7-38
55            android:theme="@style/Theme.App.SplashScreen"
55-->src\main\AndroidManifest.xml:36:7-52
56            android:windowSoftInputMode="adjustResize" >
56-->src\main\AndroidManifest.xml:35:7-49
57            <intent-filter>
57-->src\main\AndroidManifest.xml:38:7-44:23
58                <action android:name="android.intent.action.VIEW" />
58-->src\main\AndroidManifest.xml:39:9-61
58-->src\main\AndroidManifest.xml:39:17-58
59
60                <category android:name="android.intent.category.DEFAULT" />
60-->src\main\AndroidManifest.xml:40:9-68
60-->src\main\AndroidManifest.xml:40:19-65
61                <category android:name="android.intent.category.BROWSABLE" />
61-->src\main\AndroidManifest.xml:41:9-70
61-->src\main\AndroidManifest.xml:41:19-67
62
63                <data
63-->src\main\AndroidManifest.xml:42:9-43:34
64                    android:host="app"
64-->src\main\AndroidManifest.xml:43:13-31
65                    android:scheme="demozpdk" />
65-->src\main\AndroidManifest.xml:42:15-40
66            </intent-filter>
67            <intent-filter>
67-->src\main\AndroidManifest.xml:45:7-48:23
68                <action android:name="android.intent.action.MAIN" />
68-->src\main\AndroidManifest.xml:46:9-60
68-->src\main\AndroidManifest.xml:46:17-58
69
70                <category android:name="android.intent.category.LAUNCHER" />
70-->src\main\AndroidManifest.xml:47:9-68
70-->src\main\AndroidManifest.xml:47:19-66
71            </intent-filter>
72        </activity>
73        <activity android:name="com.facebook.react.devsupport.DevSettingsActivity" />
73-->src\main\AndroidManifest.xml:51:5-81
73-->src\main\AndroidManifest.xml:51:15-79
74
75        <provider
75-->[:react-native-webview] AndroidManifest.xml:12:9-20:20
76            android:name="com.reactnativecommunity.webview.RNCWebViewFileProvider"
76-->[:react-native-webview] AndroidManifest.xml:13:13-83
77            android:authorities="com.demoapptoapp.fileprovider"
77-->[:react-native-webview] AndroidManifest.xml:14:13-64
78            android:exported="false"
78-->[:react-native-webview] AndroidManifest.xml:15:13-37
79            android:grantUriPermissions="true" >
79-->[:react-native-webview] AndroidManifest.xml:16:13-47
80            <meta-data
80-->[:react-native-webview] AndroidManifest.xml:17:13-19:63
81                android:name="android.support.FILE_PROVIDER_PATHS"
81-->[:react-native-webview] AndroidManifest.xml:18:17-67
82                android:resource="@xml/file_provider_paths" />
82-->[:react-native-webview] AndroidManifest.xml:19:17-60
83        </provider>
84        <provider
84-->[:expo-file-system] AndroidManifest.xml:18:9-27:20
85            android:name="expo.modules.filesystem.FileSystemFileProvider"
85-->[:expo-file-system] AndroidManifest.xml:19:13-74
86            android:authorities="com.demoapptoapp.FileSystemFileProvider"
86-->[:expo-file-system] AndroidManifest.xml:20:13-74
87            android:exported="false"
87-->[:expo-file-system] AndroidManifest.xml:21:13-37
88            android:grantUriPermissions="true" >
88-->[:expo-file-system] AndroidManifest.xml:22:13-47
89            <meta-data
89-->[:react-native-webview] AndroidManifest.xml:17:13-19:63
90                android:name="android.support.FILE_PROVIDER_PATHS"
90-->[:react-native-webview] AndroidManifest.xml:18:17-67
91                android:resource="@xml/file_system_provider_paths" />
91-->[:react-native-webview] AndroidManifest.xml:19:17-60
92        </provider>
93
94        <service
94-->[:expo-location] AndroidManifest.xml:16:9-18:40
95            android:name="expo.modules.location.services.LocationTaskService"
95-->[:expo-location] AndroidManifest.xml:17:13-78
96            android:exported="false" />
96-->[:expo-location] AndroidManifest.xml:18:13-37
97
98        <activity
98-->[com.google.android.gms:play-services-auth:19.0.0] AndroidManifest.xml:23:9-27:75
99            android:name="com.google.android.gms.auth.api.signin.internal.SignInHubActivity"
99-->[com.google.android.gms:play-services-auth:19.0.0] AndroidManifest.xml:24:13-93
100            android:excludeFromRecents="true"
100-->[com.google.android.gms:play-services-auth:19.0.0] AndroidManifest.xml:25:13-46
101            android:exported="false"
101-->[com.google.android.gms:play-services-auth:19.0.0] AndroidManifest.xml:26:13-37
102            android:theme="@android:style/Theme.Translucent.NoTitleBar" />
102-->[com.google.android.gms:play-services-auth:19.0.0] AndroidManifest.xml:27:13-72
103        <!--
104            Service handling Google Sign-In user revocation. For apps that do not integrate with
105            Google Sign-In, this service will never be started.
106        -->
107        <service
107-->[com.google.android.gms:play-services-auth:19.0.0] AndroidManifest.xml:33:9-37:51
108            android:name="com.google.android.gms.auth.api.signin.RevocationBoundService"
108-->[com.google.android.gms:play-services-auth:19.0.0] AndroidManifest.xml:34:13-89
109            android:exported="true"
109-->[com.google.android.gms:play-services-auth:19.0.0] AndroidManifest.xml:35:13-36
110            android:permission="com.google.android.gms.auth.api.signin.permission.REVOCATION_NOTIFICATION"
110-->[com.google.android.gms:play-services-auth:19.0.0] AndroidManifest.xml:36:13-107
111            android:visibleToInstantApps="true" />
111-->[com.google.android.gms:play-services-auth:19.0.0] AndroidManifest.xml:37:13-48
112
113        <activity
113-->[com.google.firebase:firebase-auth:20.0.1] AndroidManifest.xml:27:9-44:20
114            android:name="com.google.firebase.auth.internal.GenericIdpActivity"
114-->[com.google.firebase:firebase-auth:20.0.1] AndroidManifest.xml:28:13-80
115            android:excludeFromRecents="true"
115-->[com.google.firebase:firebase-auth:20.0.1] AndroidManifest.xml:29:13-46
116            android:exported="true"
116-->[com.google.firebase:firebase-auth:20.0.1] AndroidManifest.xml:30:13-36
117            android:launchMode="singleTask"
117-->[com.google.firebase:firebase-auth:20.0.1] AndroidManifest.xml:31:13-44
118            android:theme="@android:style/Theme.Translucent.NoTitleBar" >
118-->[com.google.firebase:firebase-auth:20.0.1] AndroidManifest.xml:32:13-72
119            <intent-filter>
119-->[com.google.firebase:firebase-auth:20.0.1] AndroidManifest.xml:33:13-43:29
120                <action android:name="android.intent.action.VIEW" />
120-->src\main\AndroidManifest.xml:39:9-61
120-->src\main\AndroidManifest.xml:39:17-58
121
122                <category android:name="android.intent.category.DEFAULT" />
122-->src\main\AndroidManifest.xml:40:9-68
122-->src\main\AndroidManifest.xml:40:19-65
123                <category android:name="android.intent.category.BROWSABLE" />
123-->src\main\AndroidManifest.xml:41:9-70
123-->src\main\AndroidManifest.xml:41:19-67
124
125                <data
125-->src\main\AndroidManifest.xml:42:9-43:34
126                    android:host="firebase.auth"
126-->src\main\AndroidManifest.xml:43:13-31
127                    android:path="/"
128                    android:scheme="genericidp" />
128-->src\main\AndroidManifest.xml:42:15-40
129            </intent-filter>
130        </activity>
131        <activity
131-->[com.google.firebase:firebase-auth:20.0.1] AndroidManifest.xml:45:9-62:20
132            android:name="com.google.firebase.auth.internal.RecaptchaActivity"
132-->[com.google.firebase:firebase-auth:20.0.1] AndroidManifest.xml:46:13-79
133            android:excludeFromRecents="true"
133-->[com.google.firebase:firebase-auth:20.0.1] AndroidManifest.xml:47:13-46
134            android:exported="true"
134-->[com.google.firebase:firebase-auth:20.0.1] AndroidManifest.xml:48:13-36
135            android:launchMode="singleTask"
135-->[com.google.firebase:firebase-auth:20.0.1] AndroidManifest.xml:49:13-44
136            android:theme="@android:style/Theme.Translucent.NoTitleBar" >
136-->[com.google.firebase:firebase-auth:20.0.1] AndroidManifest.xml:50:13-72
137            <intent-filter>
137-->[com.google.firebase:firebase-auth:20.0.1] AndroidManifest.xml:51:13-61:29
138                <action android:name="android.intent.action.VIEW" />
138-->src\main\AndroidManifest.xml:39:9-61
138-->src\main\AndroidManifest.xml:39:17-58
139
140                <category android:name="android.intent.category.DEFAULT" />
140-->src\main\AndroidManifest.xml:40:9-68
140-->src\main\AndroidManifest.xml:40:19-65
141                <category android:name="android.intent.category.BROWSABLE" />
141-->src\main\AndroidManifest.xml:41:9-70
141-->src\main\AndroidManifest.xml:41:19-67
142
143                <data
143-->src\main\AndroidManifest.xml:42:9-43:34
144                    android:host="firebase.auth"
144-->src\main\AndroidManifest.xml:43:13-31
145                    android:path="/"
146                    android:scheme="recaptcha" />
146-->src\main\AndroidManifest.xml:42:15-40
147            </intent-filter>
148        </activity>
149
150        <service
150-->[com.google.firebase:firebase-auth:20.0.1] AndroidManifest.xml:64:9-73:19
151            android:name="com.google.firebase.auth.api.fallback.service.FirebaseAuthFallbackService"
151-->[com.google.firebase:firebase-auth:20.0.1] AndroidManifest.xml:65:13-101
152            android:enabled="true"
152-->[com.google.firebase:firebase-auth:20.0.1] AndroidManifest.xml:66:13-35
153            android:exported="false" >
153-->[com.google.firebase:firebase-auth:20.0.1] AndroidManifest.xml:67:13-37
154            <intent-filter>
154-->[com.google.firebase:firebase-auth:20.0.1] AndroidManifest.xml:68:13-72:29
155                <action android:name="com.google.firebase.auth.api.gms.service.START" />
155-->[com.google.firebase:firebase-auth:20.0.1] AndroidManifest.xml:69:17-89
155-->[com.google.firebase:firebase-auth:20.0.1] AndroidManifest.xml:69:25-86
156
157                <category android:name="android.intent.category.DEFAULT" />
157-->src\main\AndroidManifest.xml:40:9-68
157-->src\main\AndroidManifest.xml:40:19-65
158            </intent-filter>
159        </service>
160        <service
160-->[com.google.firebase:firebase-auth:20.0.1] AndroidManifest.xml:74:9-80:19
161            android:name="com.google.firebase.components.ComponentDiscoveryService"
161-->[com.google.firebase:firebase-auth:20.0.1] AndroidManifest.xml:75:13-84
162            android:directBootAware="true"
162-->[com.google.firebase:firebase-common:19.4.0] AndroidManifest.xml:35:13-43
163            android:exported="false" >
163-->[com.google.firebase:firebase-auth:20.0.1] AndroidManifest.xml:76:13-37
164            <meta-data
164-->[com.google.firebase:firebase-auth:20.0.1] AndroidManifest.xml:77:13-79:85
165                android:name="com.google.firebase.components:com.google.firebase.auth.FirebaseAuthRegistrar"
165-->[com.google.firebase:firebase-auth:20.0.1] AndroidManifest.xml:78:17-109
166                android:value="com.google.firebase.components.ComponentRegistrar" />
166-->[com.google.firebase:firebase-auth:20.0.1] AndroidManifest.xml:79:17-82
167        </service>
168
169        <activity
169-->[com.google.android.gms:play-services-base:17.1.0] AndroidManifest.xml:23:9-26:75
170            android:name="com.google.android.gms.common.api.GoogleApiActivity"
170-->[com.google.android.gms:play-services-base:17.1.0] AndroidManifest.xml:24:13-79
171            android:exported="false"
171-->[com.google.android.gms:play-services-base:17.1.0] AndroidManifest.xml:25:13-37
172            android:theme="@android:style/Theme.Translucent.NoTitleBar" />
172-->[com.google.android.gms:play-services-base:17.1.0] AndroidManifest.xml:26:13-72
173
174        <provider
174-->[com.google.firebase:firebase-common:19.4.0] AndroidManifest.xml:26:9-31:39
175            android:name="com.google.firebase.provider.FirebaseInitProvider"
175-->[com.google.firebase:firebase-common:19.4.0] AndroidManifest.xml:27:13-77
176            android:authorities="com.demoapptoapp.firebaseinitprovider"
176-->[com.google.firebase:firebase-common:19.4.0] AndroidManifest.xml:28:13-72
177            android:directBootAware="true"
177-->[com.google.firebase:firebase-common:19.4.0] AndroidManifest.xml:29:13-43
178            android:exported="false"
178-->[com.google.firebase:firebase-common:19.4.0] AndroidManifest.xml:30:13-37
179            android:initOrder="100" />
179-->[com.google.firebase:firebase-common:19.4.0] AndroidManifest.xml:31:13-36
180
181        <meta-data
181-->[com.google.android.gms:play-services-basement:17.1.1] AndroidManifest.xml:23:9-25:69
182            android:name="com.google.android.gms.version"
182-->[com.google.android.gms:play-services-basement:17.1.1] AndroidManifest.xml:24:13-58
183            android:value="@integer/google_play_services_version" />
183-->[com.google.android.gms:play-services-basement:17.1.1] AndroidManifest.xml:25:13-66
184
185        <service
185-->[androidx.room:room-runtime:2.1.0] AndroidManifest.xml:25:9-27:40
186            android:name="androidx.room.MultiInstanceInvalidationService"
186-->[androidx.room:room-runtime:2.1.0] AndroidManifest.xml:26:13-74
187            android:exported="false" />
187-->[androidx.room:room-runtime:2.1.0] AndroidManifest.xml:27:13-37
188        <service
188-->[io.nlopez.smartlocation:library:3.2.11] AndroidManifest.xml:19:9-21:40
189            android:name="io.nlopez.smartlocation.activity.providers.ActivityGooglePlayServicesProvider$ActivityRecognitionService"
189-->[io.nlopez.smartlocation:library:3.2.11] AndroidManifest.xml:20:13-132
190            android:exported="false" />
190-->[io.nlopez.smartlocation:library:3.2.11] AndroidManifest.xml:21:13-37
191        <service
191-->[io.nlopez.smartlocation:library:3.2.11] AndroidManifest.xml:22:9-24:40
192            android:name="io.nlopez.smartlocation.geofencing.providers.GeofencingGooglePlayServicesProvider$GeofencingService"
192-->[io.nlopez.smartlocation:library:3.2.11] AndroidManifest.xml:23:13-127
193            android:exported="false" />
193-->[io.nlopez.smartlocation:library:3.2.11] AndroidManifest.xml:24:13-37
194        <service
194-->[io.nlopez.smartlocation:library:3.2.11] AndroidManifest.xml:25:9-27:40
195            android:name="io.nlopez.smartlocation.geocoding.providers.AndroidGeocodingProvider$AndroidGeocodingService"
195-->[io.nlopez.smartlocation:library:3.2.11] AndroidManifest.xml:26:13-120
196            android:exported="false" />
196-->[io.nlopez.smartlocation:library:3.2.11] AndroidManifest.xml:27:13-37
197    </application>
198
199</manifest>